2023-11-29 20:09:39 [INFO] Starting minecraft server version 1.5.2
2023-11-29 20:09:39 [WARNING] To start the server with more ram, launch it as "java -Xmx1024M -Xms1024M -jar minecraft_server.jar"
2023-11-29 20:09:39 [INFO] Loading properties
2023-11-29 20:09:39 [INFO] Default game type: SURVIVAL
2023-11-29 20:09:39 [INFO] Generating keypair
2023-11-29 20:09:41 [INFO] Starting Minecraft server on *:25569
2023-11-29 20:09:43 [INFO] This server is running CraftBukkit version git-Bukkit-1.5.2-R1.0-b2788jnks (MC: 1.5.2) (Implementing API version 1.5.2-R1.0)
2023-11-29 20:09:44 [INFO] [AutoSaver] Loading AutoSaver v2.5
2023-11-29 20:09:44 [WARNING] **** SERVER IS RUNNING IN OFFLINE/INSECURE MODE!
2023-11-29 20:09:44 [WARNING] The server will make no attempt to authenticate usernames. Beware.
2023-11-29 20:09:44 [WARNING] While this makes the game possible to play without internet access, it also opens up the ability for hackers to connect with any username they choose.
2023-11-29 20:09:44 [WARNING] To change this, set "online-mode" to "true" in the server.properties file.
2023-11-29 20:09:45 [INFO] Preparing level "world"
2023-11-29 20:09:45 [SEVERE] Exception in thread "Thread-6" 
2023-11-29 20:09:46 [SEVERE] org.bukkit.craftbukkit.libs.com.google.gson.JsonSyntaxException: java.lang.IllegalStateException: Expected BEGIN_OBJECT but was STRING at line 1 column 7
2023-11-29 20:09:46 [SEVERE] 	at org.bukkit.craftbukkit.libs.com.google.gson.internal.bind.ReflectiveTypeAdapterFactory$Adapter.read(ReflectiveTypeAdapterFactory.java:180)
2023-11-29 20:09:46 [SEVERE] 	at org.bukkit.craftbukkit.libs.com.google.gson.Gson.fromJson(Gson.java:755)
2023-11-29 20:09:46 [SEVERE] 	at org.bukkit.craftbukkit.libs.com.google.gson.Gson.fromJson(Gson.java:694)
2023-11-29 20:09:46 [SEVERE] 	at org.bukkit.craftbukkit.v1_5_R3.updater.BukkitDLUpdaterService.fetchArtifact(BukkitDLUpdaterService.java:51)
2023-11-29 20:09:46 [SEVERE] 	at org.bukkit.craftbukkit.v1_5_R3.updater.BukkitDLUpdaterService.getArtifact(BukkitDLUpdaterService.java:28)
2023-11-29 20:09:46 [SEVERE] 	at org.bukkit.craftbukkit.v1_5_R3.updater.AutoUpdater$1.run(AutoUpdater.java:77)
2023-11-29 20:09:46 [SEVERE] Caused by: java.lang.IllegalStateException: Expected BEGIN_OBJECT but was STRING at line 1 column 7
2023-11-29 20:09:46 [SEVERE] 	at org.bukkit.craftbukkit.libs.com.google.gson.stream.JsonReader.expect(JsonReader.java:339)
2023-11-29 20:09:46 [SEVERE] 	at org.bukkit.craftbukkit.libs.com.google.gson.stream.JsonReader.beginObject(JsonReader.java:322)
2023-11-29 20:09:46 [SEVERE] 	at org.bukkit.craftbukkit.libs.com.google.gson.internal.bind.ReflectiveTypeAdapterFactory$Adapter.read(ReflectiveTypeAdapterFactory.java:168)
2023-11-29 20:09:46 [SEVERE] 	... 5 more
2023-11-29 20:09:47 [INFO] Preparing start region for level 0 (Seed: -7887732488132842156)
2023-11-29 20:09:48 [INFO] Preparing spawn area: 0%
2023-11-29 20:09:49 [INFO] Preparing spawn area: 0%
2023-11-29 20:09:50 [INFO] Preparing spawn area: 0%
2023-11-29 20:09:51 [INFO] Preparing spawn area: 4%
2023-11-29 20:09:52 [INFO] Preparing spawn area: 4%
2023-11-29 20:09:53 [INFO] Preparing spawn area: 8%
2023-11-29 20:09:55 [INFO] Preparing spawn area: 8%
2023-11-29 20:12:54 [INFO] Preparing spawn area: 12%
2023-11-29 20:13:36 [INFO] Preparing spawn area: 12%
2023-11-29 20:14:04 [INFO] Preparing spawn area: 12%
2023-11-29 20:14:41 [INFO] Preparing spawn area: 12%
2023-11-29 20:15:47 [INFO] Starting minecraft server version 1.5.2
2023-11-29 20:15:47 [WARNING] To start the server with more ram, launch it as "java -Xmx1024M -Xms1024M -jar minecraft_server.jar"
2023-11-29 20:15:47 [INFO] Loading properties
2023-11-29 20:15:47 [INFO] Default game type: SURVIVAL
2023-11-29 20:15:47 [INFO] Generating keypair
2023-11-29 20:15:49 [INFO] Starting Minecraft server on *:25569
2023-11-29 20:15:50 [INFO] This server is running CraftBukkit version git-Bukkit-1.5.2-R1.0-b2788jnks (MC: 1.5.2) (Implementing API version 1.5.2-R1.0)
2023-11-29 20:15:51 [INFO] [AutoSaver] Loading AutoSaver v2.5
2023-11-29 20:15:52 [WARNING] **** SERVER IS RUNNING IN OFFLINE/INSECURE MODE!
2023-11-29 20:15:52 [WARNING] The server will make no attempt to authenticate usernames. Beware.
2023-11-29 20:15:52 [WARNING] While this makes the game possible to play without internet access, it also opens up the ability for hackers to connect with any username they choose.
2023-11-29 20:15:52 [WARNING] To change this, set "online-mode" to "true" in the server.properties file.
2023-11-29 20:15:53 [INFO] Preparing level "world"
2023-11-29 20:15:53 [SEVERE] Exception in thread "Thread-6" 
2023-11-29 20:15:53 [SEVERE] org.bukkit.craftbukkit.libs.com.google.gson.JsonSyntaxException: java.lang.IllegalStateException: Expected BEGIN_OBJECT but was STRING at line 1 column 7
2023-11-29 20:15:53 [SEVERE] 	at org.bukkit.craftbukkit.libs.com.google.gson.internal.bind.ReflectiveTypeAdapterFactory$Adapter.read(ReflectiveTypeAdapterFactory.java:180)
2023-11-29 20:15:53 [SEVERE] 	at org.bukkit.craftbukkit.libs.com.google.gson.Gson.fromJson(Gson.java:755)
2023-11-29 20:15:53 [SEVERE] 	at org.bukkit.craftbukkit.libs.com.google.gson.Gson.fromJson(Gson.java:694)
2023-11-29 20:15:53 [SEVERE] 	at org.bukkit.craftbukkit.v1_5_R3.updater.BukkitDLUpdaterService.fetchArtifact(BukkitDLUpdaterService.java:51)
2023-11-29 20:15:53 [SEVERE] 	at org.bukkit.craftbukkit.v1_5_R3.updater.BukkitDLUpdaterService.getArtifact(BukkitDLUpdaterService.java:28)
2023-11-29 20:15:53 [SEVERE] 	at org.bukkit.craftbukkit.v1_5_R3.updater.AutoUpdater$1.run(AutoUpdater.java:77)
2023-11-29 20:15:53 [SEVERE] Caused by: java.lang.IllegalStateException: Expected BEGIN_OBJECT but was STRING at line 1 column 7
2023-11-29 20:15:53 [SEVERE] 	at org.bukkit.craftbukkit.libs.com.google.gson.stream.JsonReader.expect(JsonReader.java:339)
2023-11-29 20:15:53 [SEVERE] 	at org.bukkit.craftbukkit.libs.com.google.gson.stream.JsonReader.beginObject(JsonReader.java:322)
2023-11-29 20:15:53 [SEVERE] 	at org.bukkit.craftbukkit.libs.com.google.gson.internal.bind.ReflectiveTypeAdapterFactory$Adapter.read(ReflectiveTypeAdapterFactory.java:168)
2023-11-29 20:15:53 [SEVERE] 	... 5 more
2023-11-29 20:15:55 [INFO] Preparing start region for level 0 (Seed: -2774468137071845030)
2023-11-29 20:15:56 [INFO] Preparing spawn area: 0%
2023-11-29 20:15:57 [INFO] Preparing spawn area: 0%
2023-11-29 20:15:58 [INFO] Preparing spawn area: 4%
2023-11-29 20:15:59 [INFO] Preparing spawn area: 4%
2023-11-29 20:16:00 [INFO] Preparing spawn area: 4%
2023-11-29 20:16:01 [INFO] Preparing spawn area: 8%
2023-11-29 20:24:34 [INFO] Starting minecraft server version 1.5.2
2023-11-29 20:24:34 [WARNING] To start the server with more ram, launch it as "java -Xmx1024M -Xms1024M -jar minecraft_server.jar"
2023-11-29 20:24:34 [INFO] Loading properties
2023-11-29 20:24:34 [INFO] Default game type: SURVIVAL
2023-11-29 20:24:34 [INFO] Generating keypair
2023-11-29 20:24:36 [INFO] Starting Minecraft server on *:25569
2023-11-29 20:24:38 [INFO] This server is running CraftBukkit version git-Bukkit-1.5.2-R1.0-b2788jnks (MC: 1.5.2) (Implementing API version 1.5.2-R1.0)
2023-11-29 20:24:39 [INFO] [AutoSaver] Loading AutoSaver v2.5
2023-11-29 20:24:39 [WARNING] **** SERVER IS RUNNING IN OFFLINE/INSECURE MODE!
2023-11-29 20:24:39 [WARNING] The server will make no attempt to authenticate usernames. Beware.
2023-11-29 20:24:39 [WARNING] While this makes the game possible to play without internet access, it also opens up the ability for hackers to connect with any username they choose.
2023-11-29 20:24:39 [WARNING] To change this, set "online-mode" to "true" in the server.properties file.
2023-11-29 20:24:39 [INFO] Preparing level "world"
2023-11-29 20:24:40 [SEVERE] Exception in thread "Thread-6" 
2023-11-29 20:24:40 [SEVERE] org.bukkit.craftbukkit.libs.com.google.gson.JsonSyntaxException: java.lang.IllegalStateException: Expected BEGIN_OBJECT but was STRING at line 1 column 7
2023-11-29 20:24:40 [SEVERE] 	at org.bukkit.craftbukkit.libs.com.google.gson.internal.bind.ReflectiveTypeAdapterFactory$Adapter.read(ReflectiveTypeAdapterFactory.java:180)
2023-11-29 20:24:40 [SEVERE] 	at org.bukkit.craftbukkit.libs.com.google.gson.Gson.fromJson(Gson.java:755)
2023-11-29 20:24:40 [SEVERE] 	at org.bukkit.craftbukkit.libs.com.google.gson.Gson.fromJson(Gson.java:694)
2023-11-29 20:24:40 [SEVERE] 	at org.bukkit.craftbukkit.v1_5_R3.updater.BukkitDLUpdaterService.fetchArtifact(BukkitDLUpdaterService.java:51)
2023-11-29 20:24:41 [SEVERE] 	at org.bukkit.craftbukkit.v1_5_R3.updater.BukkitDLUpdaterService.getArtifact(BukkitDLUpdaterService.java:28)
2023-11-29 20:24:41 [SEVERE] 	at org.bukkit.craftbukkit.v1_5_R3.updater.AutoUpdater$1.run(AutoUpdater.java:77)
2023-11-29 20:24:41 [SEVERE] Caused by: java.lang.IllegalStateException: Expected BEGIN_OBJECT but was STRING at line 1 column 7
2023-11-29 20:24:41 [SEVERE] 	at org.bukkit.craftbukkit.libs.com.google.gson.stream.JsonReader.expect(JsonReader.java:339)
2023-11-29 20:24:41 [SEVERE] 	at org.bukkit.craftbukkit.libs.com.google.gson.stream.JsonReader.beginObject(JsonReader.java:322)
2023-11-29 20:24:41 [SEVERE] 	at org.bukkit.craftbukkit.libs.com.google.gson.internal.bind.ReflectiveTypeAdapterFactory$Adapter.read(ReflectiveTypeAdapterFactory.java:168)
2023-11-29 20:24:41 [SEVERE] 	... 5 more
2023-11-29 20:24:41 [INFO] Preparing start region for level 0 (Seed: 806998858140663934)
2023-11-29 20:24:42 [INFO] Preparing spawn area: 0%
2023-11-29 20:24:43 [INFO] Preparing spawn area: 8%
2023-11-29 20:24:44 [INFO] Preparing spawn area: 37%
2023-11-29 20:24:45 [INFO] Preparing spawn area: 53%
2023-11-29 20:24:46 [INFO] [AutoSaver] Enabling AutoSaver v2.5
2023-11-29 20:24:46 [INFO] [AutoSaver] [32m is enabled. [0m
2023-11-29 20:24:46 [INFO] Server permissions file permissions.yml is empty, ignoring it
2023-11-29 20:24:46 [INFO] Done (7.103s)! For help, type "help" or "?"
2023-11-29 20:25:05 [SEVERE] null
java.io.IOException: Input/output error
	at java.io.FileInputStream.readBytes(Native Method)
	at java.io.FileInputStream.read(FileInputStream.java:255)
	at java.io.BufferedInputStream.fill(BufferedInputStream.java:246)
	at java.io.BufferedInputStream.read(BufferedInputStream.java:265)
	at java.io.FilterInputStream.read(FilterInputStream.java:83)
	at org.bukkit.craftbukkit.libs.jline.console.ConsoleReader$1.read(ConsoleReader.java:167)
	at org.bukkit.craftbukkit.libs.jline.internal.InputStreamReader.read(InputStreamReader.java:267)
	at org.bukkit.craftbukkit.libs.jline.internal.InputStreamReader.read(InputStreamReader.java:204)
	at org.bukkit.craftbukkit.libs.jline.console.ConsoleReader.readCharacter(ConsoleReader.java:995)
	at org.bukkit.craftbukkit.libs.jline.console.ConsoleReader.readLine(ConsoleReader.java:1167)
	at net.minecraft.server.v1_5_R3.ThreadCommandReader.run(ThreadCommandReader.java:31)
2023-11-29 20:26:00 [INFO] Starting minecraft server version 1.5.2
2023-11-29 20:26:00 [WARNING] To start the server with more ram, launch it as "java -Xmx1024M -Xms1024M -jar minecraft_server.jar"
2023-11-29 20:26:00 [INFO] Loading properties
2023-11-29 20:26:00 [INFO] Default game type: SURVIVAL
2023-11-29 20:26:00 [INFO] Generating keypair
2023-11-29 20:26:02 [INFO] Starting Minecraft server on *:25569
2023-11-29 20:26:05 [INFO] This server is running CraftBukkit version git-Bukkit-1.5.2-R1.0-b2788jnks (MC: 1.5.2) (Implementing API version 1.5.2-R1.0)
2023-11-29 20:26:05 [INFO] [AutoSaver] Loading AutoSaver v2.5
2023-11-29 20:26:06 [WARNING] **** SERVER IS RUNNING IN OFFLINE/INSECURE MODE!
2023-11-29 20:26:06 [WARNING] The server will make no attempt to authenticate usernames. Beware.
2023-11-29 20:26:06 [WARNING] While this makes the game possible to play without internet access, it also opens up the ability for hackers to connect with any username they choose.
2023-11-29 20:26:06 [WARNING] To change this, set "online-mode" to "true" in the server.properties file.
2023-11-29 20:26:06 [SEVERE] Exception in thread "Thread-6" 
2023-11-29 20:26:07 [SEVERE] org.bukkit.craftbukkit.libs.com.google.gson.JsonSyntaxException: java.lang.IllegalStateException: Expected BEGIN_OBJECT but was STRING at line 1 column 7
2023-11-29 20:26:07 [SEVERE] 	at org.bukkit.craftbukkit.libs.com.google.gson.internal.bind.ReflectiveTypeAdapterFactory$Adapter.read(ReflectiveTypeAdapterFactory.java:180)
2023-11-29 20:26:07 [SEVERE] 	at org.bukkit.craftbukkit.libs.com.google.gson.Gson.fromJson(Gson.java:755)
2023-11-29 20:26:07 [SEVERE] 	at org.bukkit.craftbukkit.libs.com.google.gson.Gson.fromJson(Gson.java:694)
2023-11-29 20:26:07 [SEVERE] 	at org.bukkit.craftbukkit.v1_5_R3.updater.BukkitDLUpdaterService.fetchArtifact(BukkitDLUpdaterService.java:51)
2023-11-29 20:26:07 [SEVERE] 	at org.bukkit.craftbukkit.v1_5_R3.updater.BukkitDLUpdaterService.getArtifact(BukkitDLUpdaterService.java:28)
2023-11-29 20:26:07 [SEVERE] 	at org.bukkit.craftbukkit.v1_5_R3.updater.AutoUpdater$1.run(AutoUpdater.java:77)
2023-11-29 20:26:07 [SEVERE] Caused by: java.lang.IllegalStateException: Expected BEGIN_OBJECT but was STRING at line 1 column 7
2023-11-29 20:26:07 [INFO] Preparing level "world"
2023-11-29 20:26:07 [SEVERE] 	at org.bukkit.craftbukkit.libs.com.google.gson.stream.JsonReader.expect(JsonReader.java:339)
2023-11-29 20:26:07 [SEVERE] 	at org.bukkit.craftbukkit.libs.com.google.gson.stream.JsonReader.beginObject(JsonReader.java:322)
2023-11-29 20:26:07 [SEVERE] 	at org.bukkit.craftbukkit.libs.com.google.gson.internal.bind.ReflectiveTypeAdapterFactory$Adapter.read(ReflectiveTypeAdapterFactory.java:168)
2023-11-29 20:26:07 [SEVERE] 	... 5 more
2023-11-29 20:26:08 [INFO] Preparing start region for level 0 (Seed: 806998858140663934)
2023-11-29 20:26:09 [INFO] Preparing spawn area: 0%
2023-11-29 20:26:10 [INFO] Preparing spawn area: 4%
2023-11-29 20:26:11 [INFO] Preparing spawn area: 25%
2023-11-29 20:26:12 [INFO] Preparing spawn area: 49%
2023-11-29 20:26:13 [INFO] Preparing spawn area: 87%
2023-11-29 20:26:14 [INFO] [AutoSaver] Enabling AutoSaver v2.5
2023-11-29 20:26:14 [INFO] [AutoSaver] [32m is enabled. [0m
2023-11-29 20:26:14 [INFO] Server permissions file permissions.yml is empty, ignoring it
2023-11-29 20:26:14 [INFO] Done (7.898s)! For help, type "help" or "?"
2023-11-29 20:26:18 [WARNING] Can't keep up! Did the system time change, or is the server overloaded?
2023-11-29 20:27:03 [INFO] /172.31.196.1:53568 lost connection
2023-11-29 20:27:38 [INFO] /172.31.196.1:46988 lost connection
2023-11-29 20:27:48 [INFO] Unknown command. Type "help" for help.[m
2023-11-29 20:27:51 [INFO] Unknown command. Type "help" for help.[m
2023-11-29 20:27:56 [INFO] Unknown command. Type "help" for help.[m
2023-11-29 20:28:02 [INFO] Unknown command. Type "help" for help.[m
2023-11-29 20:28:04 [INFO] CONSOLE: Stopping the server..[m
2023-11-29 20:28:04 [INFO] Stopping server
2023-11-29 20:28:04 [INFO] [AutoSaver] Disabling AutoSaver v2.5
2023-11-29 20:28:04 [INFO] Saving players
2023-11-29 20:28:04 [INFO] Saving worlds
2023-11-29 20:28:04 [WARNING] DSCT: Socket closed
2023-11-29 20:28:04 [INFO] Closing listening thread
2023-11-29 20:28:04 [INFO] Saving chunks for level 'world'/Overworld
2023-11-29 20:28:05 [INFO] Stopping server
2023-11-29 20:28:05 [INFO] Saving players
2023-11-29 20:28:05 [INFO] Saving worlds
2023-11-29 20:28:18 [INFO] Starting minecraft server version 1.5.2
2023-11-29 20:28:18 [WARNING] To start the server with more ram, launch it as "java -Xmx1024M -Xms1024M -jar minecraft_server.jar"
2023-11-29 20:28:18 [INFO] Loading properties
2023-11-29 20:28:18 [INFO] Default game type: SURVIVAL
2023-11-29 20:28:18 [INFO] Generating keypair
2023-11-29 20:28:20 [INFO] Starting Minecraft server on *:25569
2023-11-29 20:28:22 [INFO] This server is running CraftBukkit version git-Bukkit-1.5.2-R1.0-b2788jnks (MC: 1.5.2) (Implementing API version 1.5.2-R1.0)
2023-11-29 20:28:23 [INFO] [AutoSaver] Loading AutoSaver v2.5
2023-11-29 20:28:23 [WARNING] **** SERVER IS RUNNING IN OFFLINE/INSECURE MODE!
2023-11-29 20:28:23 [WARNING] The server will make no attempt to authenticate usernames. Beware.
2023-11-29 20:28:23 [WARNING] While this makes the game possible to play without internet access, it also opens up the ability for hackers to connect with any username they choose.
2023-11-29 20:28:24 [WARNING] To change this, set "online-mode" to "true" in the server.properties file.
2023-11-29 20:28:24 [INFO] Preparing level "world"
2023-11-29 20:28:24 [SEVERE] Exception in thread "Thread-6" 
2023-11-29 20:28:24 [SEVERE] org.bukkit.craftbukkit.libs.com.google.gson.JsonSyntaxException: java.lang.IllegalStateException: Expected BEGIN_OBJECT but was STRING at line 1 column 7
2023-11-29 20:28:24 [SEVERE] 	at org.bukkit.craftbukkit.libs.com.google.gson.internal.bind.ReflectiveTypeAdapterFactory$Adapter.read(ReflectiveTypeAdapterFactory.java:180)
2023-11-29 20:28:24 [SEVERE] 	at org.bukkit.craftbukkit.libs.com.google.gson.Gson.fromJson(Gson.java:755)
2023-11-29 20:28:24 [SEVERE] 	at org.bukkit.craftbukkit.libs.com.google.gson.Gson.fromJson(Gson.java:694)
2023-11-29 20:28:24 [SEVERE] 	at org.bukkit.craftbukkit.v1_5_R3.updater.BukkitDLUpdaterService.fetchArtifact(BukkitDLUpdaterService.java:51)
2023-11-29 20:28:24 [SEVERE] 	at org.bukkit.craftbukkit.v1_5_R3.updater.BukkitDLUpdaterService.getArtifact(BukkitDLUpdaterService.java:28)
2023-11-29 20:28:24 [SEVERE] 	at org.bukkit.craftbukkit.v1_5_R3.updater.AutoUpdater$1.run(AutoUpdater.java:77)
2023-11-29 20:28:24 [SEVERE] Caused by: java.lang.IllegalStateException: Expected BEGIN_OBJECT but was STRING at line 1 column 7
2023-11-29 20:28:24 [SEVERE] 	at org.bukkit.craftbukkit.libs.com.google.gson.stream.JsonReader.expect(JsonReader.java:339)
2023-11-29 20:28:24 [SEVERE] 	at org.bukkit.craftbukkit.libs.com.google.gson.stream.JsonReader.beginObject(JsonReader.java:322)
2023-11-29 20:28:24 [SEVERE] 	at org.bukkit.craftbukkit.libs.com.google.gson.internal.bind.ReflectiveTypeAdapterFactory$Adapter.read(ReflectiveTypeAdapterFactory.java:168)
2023-11-29 20:28:24 [SEVERE] 	... 5 more
2023-11-29 20:28:26 [INFO] Preparing start region for level 0 (Seed: 806998858140663934)
2023-11-29 20:28:27 [INFO] Preparing spawn area: 0%
2023-11-29 20:28:28 [INFO] Preparing spawn area: 12%
2023-11-29 20:28:29 [INFO] Preparing spawn area: 37%
2023-11-29 20:28:30 [INFO] Preparing spawn area: 49%
2023-11-29 20:28:31 [INFO] Preparing spawn area: 95%
2023-11-29 20:28:31 [INFO] [AutoSaver] Enabling AutoSaver v2.5
2023-11-29 20:28:31 [INFO] [AutoSaver] [32m is enabled. [0m
2023-11-29 20:28:31 [INFO] Server permissions file permissions.yml is empty, ignoring it
2023-11-29 20:28:31 [INFO] Done (7.498s)! For help, type "help" or "?"
2023-11-29 20:28:40 [INFO] /172.31.196.1:53378 lost connection
2023-11-29 20:28:46 [INFO] /172.31.196.1:57636 lost connection
2023-11-29 20:29:18 [INFO] /172.31.196.1:51624 lost connection
2023-11-29 20:29:33 [INFO] Unknown command. Type "help" for help.[m
2023-11-29 20:31:37 [INFO] /172.31.196.1:41334 lost connection
2023-11-29 20:31:49 [INFO] Stopping server
2023-11-29 20:31:57 [INFO] Starting minecraft server version 1.5.2
2023-11-29 20:31:57 [WARNING] To start the server with more ram, launch it as "java -Xmx1024M -Xms1024M -jar minecraft_server.jar"
2023-11-29 20:31:57 [INFO] Loading properties
2023-11-29 20:31:57 [INFO] Default game type: SURVIVAL
2023-11-29 20:31:57 [INFO] Generating keypair
2023-11-29 20:31:59 [INFO] Starting Minecraft server on 127.0.0.1:25569
2023-11-29 20:32:00 [INFO] This server is running CraftBukkit version git-Bukkit-1.5.2-R1.0-b2788jnks (MC: 1.5.2) (Implementing API version 1.5.2-R1.0)
2023-11-29 20:32:01 [INFO] [AutoSaver] Loading AutoSaver v2.5
2023-11-29 20:32:02 [WARNING] **** SERVER IS RUNNING IN OFFLINE/INSECURE MODE!
2023-11-29 20:32:02 [WARNING] The server will make no attempt to authenticate usernames. Beware.
2023-11-29 20:32:02 [WARNING] While this makes the game possible to play without internet access, it also opens up the ability for hackers to connect with any username they choose.
2023-11-29 20:32:02 [WARNING] To change this, set "online-mode" to "true" in the server.properties file.
2023-11-29 20:32:02 [INFO] Preparing level "world"
2023-11-29 20:32:03 [SEVERE] Exception in thread "Thread-6" 
2023-11-29 20:32:04 [SEVERE] org.bukkit.craftbukkit.libs.com.google.gson.JsonSyntaxException: java.lang.IllegalStateException: Expected BEGIN_OBJECT but was STRING at line 1 column 7
2023-11-29 20:32:04 [SEVERE] 	at org.bukkit.craftbukkit.libs.com.google.gson.internal.bind.ReflectiveTypeAdapterFactory$Adapter.read(ReflectiveTypeAdapterFactory.java:180)
2023-11-29 20:32:04 [SEVERE] 	at org.bukkit.craftbukkit.libs.com.google.gson.Gson.fromJson(Gson.java:755)
2023-11-29 20:32:04 [SEVERE] 	at org.bukkit.craftbukkit.libs.com.google.gson.Gson.fromJson(Gson.java:694)
2023-11-29 20:32:04 [SEVERE] 	at org.bukkit.craftbukkit.v1_5_R3.updater.BukkitDLUpdaterService.fetchArtifact(BukkitDLUpdaterService.java:51)
2023-11-29 20:32:04 [SEVERE] 	at org.bukkit.craftbukkit.v1_5_R3.updater.BukkitDLUpdaterService.getArtifact(BukkitDLUpdaterService.java:28)
2023-11-29 20:32:04 [SEVERE] 	at org.bukkit.craftbukkit.v1_5_R3.updater.AutoUpdater$1.run(AutoUpdater.java:77)
2023-11-29 20:32:04 [SEVERE] Caused by: java.lang.IllegalStateException: Expected BEGIN_OBJECT but was STRING at line 1 column 7
2023-11-29 20:32:04 [SEVERE] 	at org.bukkit.craftbukkit.libs.com.google.gson.stream.JsonReader.expect(JsonReader.java:339)
2023-11-29 20:32:04 [SEVERE] 	at org.bukkit.craftbukkit.libs.com.google.gson.stream.JsonReader.beginObject(JsonReader.java:322)
2023-11-29 20:32:04 [SEVERE] 	at org.bukkit.craftbukkit.libs.com.google.gson.internal.bind.ReflectiveTypeAdapterFactory$Adapter.read(ReflectiveTypeAdapterFactory.java:168)
2023-11-29 20:32:04 [SEVERE] 	... 5 more
2023-11-29 20:32:04 [INFO] Preparing start region for level 0 (Seed: 806998858140663934)
2023-11-29 20:32:05 [INFO] Preparing spawn area: 0%
2023-11-29 20:32:06 [INFO] Preparing spawn area: 16%
2023-11-29 20:32:07 [INFO] Preparing spawn area: 45%
2023-11-29 20:32:08 [INFO] Preparing spawn area: 74%
2023-11-29 20:32:08 [INFO] [AutoSaver] Enabling AutoSaver v2.5
2023-11-29 20:32:08 [INFO] [AutoSaver] [32m is enabled. [0m
2023-11-29 20:32:08 [INFO] Server permissions file permissions.yml is empty, ignoring it
2023-11-29 20:32:09 [INFO] Done (6.907s)! For help, type "help" or "?"
2023-11-29 20:33:34 [INFO] [0;31;1mUsage: /op <player>[m
2023-11-29 20:33:38 [INFO] Unknown command. Type "help" for help.[m
2023-11-29 20:33:52 [INFO] CONSOLE: Stopping the server..[m
2023-11-29 20:33:52 [INFO] Stopping server
2023-11-29 20:33:52 [INFO] [AutoSaver] Disabling AutoSaver v2.5
2023-11-29 20:33:52 [WARNING] DSCT: Socket closed
2023-11-29 20:33:52 [INFO] Closing listening thread
2023-11-29 20:33:52 [INFO] Saving players
2023-11-29 20:33:52 [INFO] Saving worlds
2023-11-29 20:33:52 [INFO] Saving chunks for level 'world'/Overworld
2023-11-29 20:33:53 [INFO] Stopping server
2023-11-29 20:33:53 [INFO] Saving players
2023-11-29 20:33:53 [INFO] Saving worlds
2023-11-29 20:33:53 [INFO] Saving chunks for level 'world'/Overworld
2023-11-29 20:34:03 [INFO] Starting minecraft server version 1.5.2
2023-11-29 20:34:03 [WARNING] To start the server with more ram, launch it as "java -Xmx1024M -Xms1024M -jar minecraft_server.jar"
2023-11-29 20:34:03 [INFO] Loading properties
2023-11-29 20:34:03 [INFO] Default game type: SURVIVAL
2023-11-29 20:34:03 [INFO] Generating keypair
2023-11-29 20:34:04 [INFO] Starting Minecraft server on 127.0.0.1:25569
2023-11-29 20:34:06 [INFO] This server is running CraftBukkit version git-Bukkit-1.5.2-R1.0-b2788jnks (MC: 1.5.2) (Implementing API version 1.5.2-R1.0)
2023-11-29 20:34:08 [INFO] [AutoSaver] Loading AutoSaver v2.5
2023-11-29 20:34:08 [WARNING] **** SERVER IS RUNNING IN OFFLINE/INSECURE MODE!
2023-11-29 20:34:08 [WARNING] The server will make no attempt to authenticate usernames. Beware.
2023-11-29 20:34:08 [WARNING] While this makes the game possible to play without internet access, it also opens up the ability for hackers to connect with any username they choose.
2023-11-29 20:34:08 [WARNING] To change this, set "online-mode" to "true" in the server.properties file.
2023-11-29 20:34:08 [INFO] Preparing level "world"
2023-11-29 20:34:09 [SEVERE] Exception in thread "Thread-6" 
2023-11-29 20:34:09 [SEVERE] org.bukkit.craftbukkit.libs.com.google.gson.JsonSyntaxException: java.lang.IllegalStateException: Expected BEGIN_OBJECT but was STRING at line 1 column 7
2023-11-29 20:34:09 [SEVERE] 	at org.bukkit.craftbukkit.libs.com.google.gson.internal.bind.ReflectiveTypeAdapterFactory$Adapter.read(ReflectiveTypeAdapterFactory.java:180)
2023-11-29 20:34:09 [SEVERE] 	at org.bukkit.craftbukkit.libs.com.google.gson.Gson.fromJson(Gson.java:755)
2023-11-29 20:34:09 [SEVERE] 	at org.bukkit.craftbukkit.libs.com.google.gson.Gson.fromJson(Gson.java:694)
2023-11-29 20:34:09 [SEVERE] 	at org.bukkit.craftbukkit.v1_5_R3.updater.BukkitDLUpdaterService.fetchArtifact(BukkitDLUpdaterService.java:51)
2023-11-29 20:34:09 [SEVERE] 	at org.bukkit.craftbukkit.v1_5_R3.updater.BukkitDLUpdaterService.getArtifact(BukkitDLUpdaterService.java:28)
2023-11-29 20:34:09 [SEVERE] 	at org.bukkit.craftbukkit.v1_5_R3.updater.AutoUpdater$1.run(AutoUpdater.java:77)
2023-11-29 20:34:09 [SEVERE] Caused by: java.lang.IllegalStateException: Expected BEGIN_OBJECT but was STRING at line 1 column 7
2023-11-29 20:34:09 [SEVERE] 	at org.bukkit.craftbukkit.libs.com.google.gson.stream.JsonReader.expect(JsonReader.java:339)
2023-11-29 20:34:09 [SEVERE] 	at org.bukkit.craftbukkit.libs.com.google.gson.stream.JsonReader.beginObject(JsonReader.java:322)
2023-11-29 20:34:09 [SEVERE] 	at org.bukkit.craftbukkit.libs.com.google.gson.internal.bind.ReflectiveTypeAdapterFactory$Adapter.read(ReflectiveTypeAdapterFactory.java:168)
2023-11-29 20:34:09 [SEVERE] 	... 5 more
2023-11-29 20:34:09 [INFO] Preparing start region for level 0 (Seed: 806998858140663934)
2023-11-29 20:34:10 [INFO] Preparing spawn area: 4%
2023-11-29 20:34:11 [INFO] Preparing spawn area: 20%
2023-11-29 20:34:12 [INFO] Preparing spawn area: 45%
2023-11-29 20:34:13 [INFO] Preparing spawn area: 78%
2023-11-29 20:34:14 [INFO] [AutoSaver] Enabling AutoSaver v2.5
2023-11-29 20:34:14 [INFO] [AutoSaver] [32m is enabled. [0m
2023-11-29 20:34:14 [INFO] Server permissions file permissions.yml is empty, ignoring it
2023-11-29 20:34:14 [INFO] Done (6.211s)! For help, type "help" or "?"
2023-11-29 20:34:20 [WARNING] Can't keep up! Did the system time change, or is the server overloaded?
2023-11-29 20:35:00 [INFO] TrollMan[/127.0.0.1:47857] logged in with entity id 1019 at ([world] -106.5, 86.0, 161.5)
2023-11-29 20:35:11 [INFO] TrollMan issued server command: /gamemode 11
2023-11-29 20:35:14 [INFO] TrollMan issued server command: /gamemode 1
2023-11-29 20:35:14 [INFO] TrollMan: Set own game mode to CREATIVE mode[m
2023-11-29 20:35:53 [INFO] TrollMan lost connection: disconnect.quitting
2023-11-29 20:35:53 [INFO] Connection reset
2023-11-29 20:36:04 [INFO] [0;35;1m[Server] hi![m
2023-11-29 20:36:09 [INFO] TrollMan[/127.0.0.1:37467] logged in with entity id 1026 at ([world] -87.49281847731937, 49.16274031141726, 313.5675281341333)
2023-11-29 20:36:12 [INFO] Connection reset
2023-11-29 20:36:12 [INFO] TrollMan lost connection: disconnect.quitting
2023-11-29 20:36:23 [INFO] DerpyNoob[/127.0.0.1:60959] logged in with entity id 1033 at ([world] -108.5, 83.0, 166.5)
2023-11-29 20:36:30 [INFO] [0;35;1m[Server] di nofo[m
2023-11-29 20:36:36 [INFO] [0;35;1m[Server] die mofo[m
2023-11-29 20:36:44 [INFO] You can only perform this command as a player[m
2023-11-29 20:36:54 [INFO] CONSOLE: Banned player derp[m
2023-11-29 20:36:58 [INFO] DerpyNoob[/127.0.0.1:44609] logged in with entity id 1034 at ([world] -108.39042393620605, 83.0, 166.60957606379398)
2023-11-29 20:37:04 [INFO] CONSOLE: Banned player derpynoob[m
2023-11-29 20:37:07 [INFO] Disconnecting DerpyNoob [/127.0.0.1:48137]: You are banned from this server!
Reason: Banned by an operator.
2023-11-29 20:37:10 [INFO] Connection reset
2023-11-29 20:37:11 [INFO] Disconnecting DerpyNoob [/127.0.0.1:38419]: You are banned from this server!
Reason: Banned by an operator.
2023-11-29 20:37:13 [INFO] Connection reset
2023-11-29 20:37:19 [INFO] Unknown command. Type "help" for help.[m
2023-11-29 20:37:26 [INFO] CONSOLE: Banned player derp[m
2023-11-29 20:37:34 [INFO] Unknown command. Type "help" for help.[m
2023-11-29 20:37:53 [INFO] Disconnecting DerpyNoob [/127.0.0.1:48813]: You are banned from this server!
Reason: Banned by an operator.
2023-11-29 20:37:55 [INFO] Connection reset
2023-11-29 20:37:55 [INFO] Disconnecting DerpyNoob [/127.0.0.1:59717]: You are banned from this server!
Reason: Banned by an operator.
2023-11-29 20:37:58 [INFO] Connection reset
2023-11-29 21:26:37 [INFO] Starting minecraft server version 1.5.2
2023-11-29 21:26:37 [WARNING] To start the server with more ram, launch it as "java -Xmx1024M -Xms1024M -jar minecraft_server.jar"
2023-11-29 21:26:37 [INFO] Loading properties
2023-11-29 21:26:37 [INFO] Default game type: SURVIVAL
2023-11-29 21:26:37 [INFO] Generating keypair
2023-11-29 21:26:39 [INFO] Starting Minecraft server on 127.0.0.1:25569
2023-11-29 21:26:41 [INFO] This server is running CraftBukkit version git-Bukkit-1.5.2-R1.0-b2788jnks (MC: 1.5.2) (Implementing API version 1.5.2-R1.0)
2023-11-29 21:26:42 [INFO] [AutoSaver] Loading AutoSaver v2.5
2023-11-29 21:26:42 [WARNING] **** SERVER IS RUNNING IN OFFLINE/INSECURE MODE!
2023-11-29 21:26:42 [WARNING] The server will make no attempt to authenticate usernames. Beware.
2023-11-29 21:26:42 [WARNING] While this makes the game possible to play without internet access, it also opens up the ability for hackers to connect with any username they choose.
2023-11-29 21:26:42 [WARNING] To change this, set "online-mode" to "true" in the server.properties file.
2023-11-29 21:26:42 [INFO] Preparing level "world"
2023-11-29 21:26:43 [SEVERE] Exception in thread "Thread-6" 
2023-11-29 21:26:43 [SEVERE] org.bukkit.craftbukkit.libs.com.google.gson.JsonSyntaxException: java.lang.IllegalStateException: Expected BEGIN_OBJECT but was STRING at line 1 column 7
2023-11-29 21:26:43 [SEVERE] 	at org.bukkit.craftbukkit.libs.com.google.gson.internal.bind.ReflectiveTypeAdapterFactory$Adapter.read(ReflectiveTypeAdapterFactory.java:180)
2023-11-29 21:26:43 [SEVERE] 	at org.bukkit.craftbukkit.libs.com.google.gson.Gson.fromJson(Gson.java:755)
2023-11-29 21:26:43 [SEVERE] 	at org.bukkit.craftbukkit.libs.com.google.gson.Gson.fromJson(Gson.java:694)
2023-11-29 21:26:43 [SEVERE] 	at org.bukkit.craftbukkit.v1_5_R3.updater.BukkitDLUpdaterService.fetchArtifact(BukkitDLUpdaterService.java:51)
2023-11-29 21:26:43 [SEVERE] 	at org.bukkit.craftbukkit.v1_5_R3.updater.BukkitDLUpdaterService.getArtifact(BukkitDLUpdaterService.java:28)
2023-11-29 21:26:43 [SEVERE] 	at org.bukkit.craftbukkit.v1_5_R3.updater.AutoUpdater$1.run(AutoUpdater.java:77)
2023-11-29 21:26:43 [SEVERE] Caused by: java.lang.IllegalStateException: Expected BEGIN_OBJECT but was STRING at line 1 column 7
2023-11-29 21:26:43 [SEVERE] 	at org.bukkit.craftbukkit.libs.com.google.gson.stream.JsonReader.expect(JsonReader.java:339)
2023-11-29 21:26:43 [SEVERE] 	at org.bukkit.craftbukkit.libs.com.google.gson.stream.JsonReader.beginObject(JsonReader.java:322)
2023-11-29 21:26:43 [SEVERE] 	at org.bukkit.craftbukkit.libs.com.google.gson.internal.bind.ReflectiveTypeAdapterFactory$Adapter.read(ReflectiveTypeAdapterFactory.java:168)
2023-11-29 21:26:43 [SEVERE] 	... 5 more
2023-11-29 21:26:44 [INFO] Preparing start region for level 0 (Seed: 806998858140663934)
2023-11-29 21:26:45 [INFO] Preparing spawn area: 0%
2023-11-29 21:26:46 [INFO] Preparing spawn area: 0%
2023-11-29 21:26:47 [INFO] Preparing spawn area: 12%
2023-11-29 21:26:48 [INFO] Preparing spawn area: 33%
2023-11-29 21:26:49 [INFO] Preparing spawn area: 54%
2023-11-29 21:26:50 [INFO] [AutoSaver] Enabling AutoSaver v2.5
2023-11-29 21:26:50 [INFO] [AutoSaver] [32m is enabled. [0m
2023-11-29 21:26:50 [INFO] Server permissions file permissions.yml is empty, ignoring it
2023-11-29 21:26:50 [INFO] Done (7.972s)! For help, type "help" or "?"
2023-11-29 21:27:15 [INFO] Starting minecraft server version 1.5.2
2023-11-29 21:27:15 [WARNING] To start the server with more ram, launch it as "java -Xmx1024M -Xms1024M -jar minecraft_server.jar"
2023-11-29 21:27:15 [INFO] Loading properties
2023-11-29 21:27:15 [INFO] Default game type: SURVIVAL
2023-11-29 21:27:15 [INFO] Generating keypair
2023-11-29 21:27:17 [INFO] Starting Minecraft server on 127.0.0.1:25569
2023-11-29 21:27:19 [INFO] This server is running CraftBukkit version git-Bukkit-1.5.2-R1.0-b2788jnks (MC: 1.5.2) (Implementing API version 1.5.2-R1.0)
2023-11-29 21:27:21 [INFO] [AutoSaver] Loading AutoSaver v2.5
2023-11-29 21:27:21 [WARNING] **** SERVER IS RUNNING IN OFFLINE/INSECURE MODE!
2023-11-29 21:27:21 [WARNING] The server will make no attempt to authenticate usernames. Beware.
2023-11-29 21:27:21 [WARNING] While this makes the game possible to play without internet access, it also opens up the ability for hackers to connect with any username they choose.
2023-11-29 21:27:21 [WARNING] To change this, set "online-mode" to "true" in the server.properties file.
2023-11-29 21:27:22 [INFO] Preparing level "world"
2023-11-29 21:27:22 [SEVERE] Exception in thread "Thread-6" 
2023-11-29 21:27:22 [SEVERE] org.bukkit.craftbukkit.libs.com.google.gson.JsonSyntaxException: java.lang.IllegalStateException: Expected BEGIN_OBJECT but was STRING at line 1 column 7
2023-11-29 21:27:22 [SEVERE] 	at org.bukkit.craftbukkit.libs.com.google.gson.internal.bind.ReflectiveTypeAdapterFactory$Adapter.read(ReflectiveTypeAdapterFactory.java:180)
2023-11-29 21:27:22 [SEVERE] 	at org.bukkit.craftbukkit.libs.com.google.gson.Gson.fromJson(Gson.java:755)
2023-11-29 21:27:22 [SEVERE] 	at org.bukkit.craftbukkit.libs.com.google.gson.Gson.fromJson(Gson.java:694)
2023-11-29 21:27:22 [SEVERE] 	at org.bukkit.craftbukkit.v1_5_R3.updater.BukkitDLUpdaterService.fetchArtifact(BukkitDLUpdaterService.java:51)
2023-11-29 21:27:22 [SEVERE] 	at org.bukkit.craftbukkit.v1_5_R3.updater.BukkitDLUpdaterService.getArtifact(BukkitDLUpdaterService.java:28)
2023-11-29 21:27:22 [SEVERE] 	at org.bukkit.craftbukkit.v1_5_R3.updater.AutoUpdater$1.run(AutoUpdater.java:77)
2023-11-29 21:27:22 [SEVERE] Caused by: java.lang.IllegalStateException: Expected BEGIN_OBJECT but was STRING at line 1 column 7
2023-11-29 21:27:22 [SEVERE] 	at org.bukkit.craftbukkit.libs.com.google.gson.stream.JsonReader.expect(JsonReader.java:339)
2023-11-29 21:27:22 [SEVERE] 	at org.bukkit.craftbukkit.libs.com.google.gson.stream.JsonReader.beginObject(JsonReader.java:322)
2023-11-29 21:27:22 [SEVERE] 	at org.bukkit.craftbukkit.libs.com.google.gson.internal.bind.ReflectiveTypeAdapterFactory$Adapter.read(ReflectiveTypeAdapterFactory.java:168)
2023-11-29 21:27:22 [SEVERE] 	... 5 more
2023-11-29 21:27:22 [INFO] Preparing start region for level 0 (Seed: 806998858140663934)
2023-11-29 21:27:23 [INFO] Preparing spawn area: 0%
2023-11-29 21:27:24 [INFO] Preparing spawn area: 12%
2023-11-29 21:27:25 [INFO] Preparing spawn area: 24%
2023-11-29 21:27:26 [INFO] Preparing spawn area: 41%
2023-11-29 21:27:27 [INFO] Preparing spawn area: 45%
2023-11-29 21:27:28 [INFO] Preparing spawn area: 49%
2023-11-29 21:27:29 [INFO] Preparing spawn area: 82%
2023-11-29 21:27:30 [INFO] [AutoSaver] Enabling AutoSaver v2.5
2023-11-29 21:27:30 [INFO] [AutoSaver] [32m is enabled. [0m
2023-11-29 21:27:31 [INFO] Server permissions file permissions.yml is empty, ignoring it
2023-11-29 21:27:31 [INFO] Done (9.310s)! For help, type "help" or "?"
2023-11-29 21:27:35 [WARNING] Can't keep up! Did the system time change, or is the server overloaded?
2023-11-29 21:32:32 [INFO] [AutoSaver] [32m world and player data has been saved. [0m
2023-11-29 21:37:32 [INFO] [AutoSaver] [32m world and player data has been saved. [0m
